Failed to run 'pdflatex' to create pdf to preview.


Errors:
TeX STOPPED: File ended while scanning use of \frac{\exp {d/\}} \end {equation} \par Для определения $\mu 
TeX reports the error was in file: acc166b1491a69a477411aeac8573cc9.tex

LaTeX document:
-----BEGIN DOCUMENT-----

\documentclass[preview,border=0.3pt]{standalone}
% import xcolor if available and not already present
\IfFileExists{xcolor.sty}{\usepackage{xcolor}}{}%
\usepackage{amsmath}
\usepackage{amssymb}
\IfFileExists{latexsym.sty}{\usepackage{latexsym}}{}
\IfFileExists{mathtools.sty}{\usepackage{mathtools}}{}

\begin{document}
% set the foreground color
\IfFileExists{xcolor.sty}{\color[HTML]{CCCCCC}}{}%
\(
\mu = \frac{\exp{d/\}}
\end{equation}

Для определения $\mu$ по известным значениям $|\eta_m|$ использовался  метод Ньютона-Рафсона \eqref{eq:8}.
Для наглядности, стрроились правая и левая части следующего вида:
\begin{equation}
	\begin{aligned}
		&LHS: y(\mu) = |\eta_m(f)|\exp\qty[-\frac{d}{\delta}]\\ 
		&RHS: x(\mu) = \frac16 \sqrt{\qty(\frac{\mu \delta}{a} +3 + \frac{a}{\mu \delta} )^2 + \qty(\frac{a}{\mu \delta} - \frac{\mu \delta}{a})^2}
	\end{aligned}
		\label{eq:9}
\end{equation}

% \begin{figure}[H]
% 	\centering
% 	\includegraphics[width = 0.95\linewidth]{imgs/graphs/mu.png}
% 	\caption{Графическое решение для значения $\mu$ для стали}
% 	\label{fig:mu}
% \end{figure}

Для 2 мм полученное таким методом значение на частоте 500 Гц дает $\mu=152$.
% На графике (см. рис \ref{fig:eta_wt_steel}, стр.\pageref{fig:eta_wt_steel}) хорошо видно, что действительно это значение дает численное решение этого уравнения, и теоретический график проходит через практическую точку.

Для 5 мм (500 Гц) $\mu=154$, для 10 мм (200 Гц) $\mu=126$.

% Экспериментальные точки подбирались таким образом, чтобы рассчитанная из них $\mu$ давала теоретические графики, наиболее хорошим образом описывающие экспериментальные кривые, хотя бы в диапазоне не очень больших частот.

Расхождение теоретического графика (который уходит в значительно большие по сравнению с практическими $|\eta_m|$)  и
практического, можно объяснить частотным насыщением магнитной проницаемости стали: из-за инертной природы перестроения
доменной структуры, она не успевает изменяться вслед за частотой поля, и $\mu$ начинает падать с ростом частоты.

\begin{figure}[H]
	\vspace{-20pt}
	\centering
	\includegraphics[width=0.95\linewidth]{fig/st}
	\caption{Экспериментальные и теоретические (пунктир) графики для экранов из стали.}
	\label{fig:eta_wt_steel}
\end{figure}
\section{Результаты}
\begin{enumerate}
	\item В работе было исследовано явление экранирования переменного магнитного поля стальными и латунными экранами. 

	\item Произведен расчет и сопоставление экранирующих свойств латунных экранов с экспериментальными с помощью модели сферического слоя. Выявлено хорошее совпадение теории с практикой до $f=6$ кГц. 

	\item Численными методами найдены $\mu$ для стальных экранов, дающие наиболее адекватное соответствие теоретических графиков практическим: $\mu=153,140,130$ для 2,5,10 мм экранов. В этом случае теория дает качественное соответствие вплоть на частотах $f \simeq 1$ кГц.
\end{enumerate}

\subsection{Таблицы измерений}
\begin{table}[H]
	\centering
	\begin{tabular}{|c|c|c|c|c|c|c|c|c|}
	\hline
	\multicolumn{3}{|c|}{Характеристика экрана}& \multicolumn{2}{c|}{Латунь 2 мм} & \multicolumn{2}{c|}{Латунь 5 мм} & \multicolumn{2}{c|}{Латунь 10 мм} \\ \hline
	\multicolumn{1}{|c|}{$f$, Гц} & \multicolumn{1}{c|}{$V_0$, мВ} & \multicolumn{1}{c|}{U, мВ} &	\multicolumn{1}{c|}{$V_e$, мВ}&U, мВ  & $V_e$, мВ &U, мВ&$V_e$, мВ&U, дел\\
	\hline
	20   &1000&2100&920&2680&960&2550&870  &2590\\ \hline
	50   &1000&1410&840&1530&880&1480&700  &1520\\ \hline
	100  &1000&560 &690&820 &600&820 &500  &820\\ \hline
	200  &1000&500 &650&540 &480&540 &350  &600\\ \hline
	500  &1000&340 &500&420 &300&480 &180  &560\\ \hline
	1000 &1000&150 &380&196 &180&208 &100  &280\\ \hline
	2000 &1000&112 &240&152 &80 &168 &33   &224\\ \hline
	5000 &1000&80  &90 &136 &28 &146 &3.6  &220\\ \hline
	10000&800 &54   &54 &48  &7.4&66 &0.22 &142\\ \hline
	\end{tabular}
	\caption{Экспериментальные данные для латунных экранов}
	\label{tab:lead}
\end{table}

\begin{table}[H]
	\centering
	\begin{tabular}{|c|c|c|c|c|c|c|c|c|}
	\hline
	\multicolumn{3}{|c|}{Характеристика экрана}& \multicolumn{2}{c|}{Сталь 2 мм} & \multicolumn{2}{c|}{Сталь 5 мм} & \multicolumn{2}{c|}{Сталь 10 мм} \\ \hline
	\multicolumn{1}{|c|}{$f$, Гц} & \multicolumn{1}{c|}{$V_0$, мВ} & \multicolumn{1}{c|}{U, мВ} &	\multicolumn{1}{c|}{$V_e$, мВ}&U, мВ & $V_e$, мВ &U, мВ&$V_e$, мВ&U, мВ\\
	\hline
	20   &1000&2100&48  &2880&21&2790  &3    &2720\\ \hline
	50   &1000&1410&69  &1150&12&1120  &1.8  &520 \\ \hline
	100  &1000&560 &48  &500 &6.3&420  &0.31 &192 \\ \hline
	200  &1000&500 &43  &300 &2.8&300  &0.04 &152 \\ \hline
	500  &1000&340 &24  &200 &0.28&200 &0.008&88  \\ \hline
	1000 &1000&150 &8   &100 &0.08&88  & --  & -- \\ \hline
	2000 &1000&112 &3.4 &92  & -- & -- & --  & -- \\ \hline
	5000 &1000&80  &0.22&92  & -- & -- & --  & -- \\ \hline
	10000&800 &54  & -- & -- & -- & -- & --  & -- \\ \hline
	\end{tabular}
	\caption{Экспериментальные данные для стальных экранов}
	\label{tab:steel}
\end{table}


\end{document}
\)
\end{document}

-----END DOCUMENT-----

Log file:
-----BEGIN LOG-----
This is pdfTeX, Version 3.14159265-2.6-1.40.20 (TeX Live 2019/Arch Linux) (preloaded format=pdflatex 2019.8.30)  23 SEP 2019 22:45
entering extended mode
 restricted \write18 enabled.
 %&-line parsing enabled.
**acc166b1491a69a477411aeac8573cc9.tex
(./acc166b1491a69a477411aeac8573cc9.tex
LaTeX2e <2018-12-01>
(/usr/share/texmf-dist/tex/latex/standalone/standalone.cls
Document Class: standalone 2018/03/26 v1.3a Class to compile TeX sub-files stan
dalone
(/usr/share/texmf-dist/tex/latex/tools/shellesc.sty
Package: shellesc 2016/06/07 v0.02a unified shell escape interface for LaTeX
Package shellesc Info: Restricted shell escape enabled on input line 69.
)
(/usr/share/texmf-dist/tex/generic/oberdiek/ifluatex.sty
Package: ifluatex 2016/05/16 v1.4 Provides the ifluatex switch (HO)
Package ifluatex Info: LuaTeX not detected.
)
(/usr/share/texmf-dist/tex/generic/oberdiek/ifpdf.sty
Package: ifpdf 2018/09/07 v3.3 Provides the ifpdf switch
)
(/usr/share/texmf-dist/tex/generic/ifxetex/ifxetex.sty
Package: ifxetex 2010/09/12 v0.6 Provides ifxetex conditional
)
(/usr/share/texmf-dist/tex/latex/xkeyval/xkeyval.sty
Package: xkeyval 2014/12/03 v2.7a package option processing (HA)

(/usr/share/texmf-dist/tex/generic/xkeyval/xkeyval.tex
(/usr/share/texmf-dist/tex/generic/xkeyval/xkvutils.tex
\XKV@toks=\toks14
\XKV@tempa@toks=\toks15

(/usr/share/texmf-dist/tex/generic/xkeyval/keyval.tex))
\XKV@depth=\count80
File: xkeyval.tex 2014/12/03 v2.7a key=value parser (HA)
))
\sa@internal=\count81
\c@sapage=\count82

(/usr/share/texmf-dist/tex/latex/standalone/standalone.cfg
File: standalone.cfg 2018/03/26 v1.3a Default configuration file for 'standalon
e' class
)
(/usr/share/texmf-dist/tex/latex/base/article.cls
Document Class: article 2018/09/03 v1.4i Standard LaTeX document class
(/usr/share/texmf-dist/tex/latex/base/size10.clo
File: size10.clo 2018/09/03 v1.4i Standard LaTeX file (size option)
)
\c@part=\count83
\c@section=\count84
\c@subsection=\count85
\c@subsubsection=\count86
\c@paragraph=\count87
\c@subparagraph=\count88
\c@figure=\count89
\c@table=\count90
\abovecaptionskip=\skip41
\belowcaptionskip=\skip42
\bibindent=\dimen102
)
(/usr/share/texmf-dist/tex/latex/preview/preview.sty
Package: preview 2017/04/24 11.91 (AUCTeX/preview-latex)

(/usr/share/texmf-dist/tex/generic/luatex85/luatex85.sty
Package: luatex85 2016/06/15 v1.4 pdftex aliases for luatex
)
(/usr/share/texmf-dist/tex/latex/preview/prtightpage.def
\PreviewBorder=\dimen103
)
\pr@snippet=\count91
\pr@box=\box27
\pr@output=\toks16
))
(/usr/share/texmf-dist/tex/latex/xcolor/xcolor.sty
Package: xcolor 2016/05/11 v2.12 LaTeX color extensions (UK)

(/usr/share/texmf-dist/tex/latex/graphics-cfg/color.cfg
File: color.cfg 2016/01/02 v1.6 sample color configuration
)
Package xcolor Info: Driver file: pdftex.def on input line 225.

(/usr/share/texmf-dist/tex/latex/graphics-def/pdftex.def
File: pdftex.def 2018/01/08 v1.0l Graphics/color driver for pdftex
)
Package xcolor Info: Model `cmy' substituted by `cmy0' on input line 1348.
Package xcolor Info: Model `hsb' substituted by `rgb' on input line 1352.
Package xcolor Info: Model `RGB' extended on input line 1364.
Package xcolor Info: Model `HTML' substituted by `rgb' on input line 1366.
Package xcolor Info: Model `Hsb' substituted by `hsb' on input line 1367.
Package xcolor Info: Model `tHsb' substituted by `hsb' on input line 1368.
Package xcolor Info: Model `HSB' substituted by `hsb' on input line 1369.
Package xcolor Info: Model `Gray' substituted by `gray' on input line 1370.
Package xcolor Info: Model `wave' substituted by `hsb' on input line 1371.
)
(/usr/share/texmf-dist/tex/latex/amsmath/amsmath.sty
Package: amsmath 2018/12/01 v2.17b AMS math features
\@mathmargin=\skip43

For additional information on amsmath, use the `?' option.
(/usr/share/texmf-dist/tex/latex/amsmath/amstext.sty
Package: amstext 2000/06/29 v2.01 AMS text

(/usr/share/texmf-dist/tex/latex/amsmath/amsgen.sty
File: amsgen.sty 1999/11/30 v2.0 generic functions
\@emptytoks=\toks17
\ex@=\dimen104
))
(/usr/share/texmf-dist/tex/latex/amsmath/amsbsy.sty
Package: amsbsy 1999/11/29 v1.2d Bold Symbols
\pmbraise@=\dimen105
)
(/usr/share/texmf-dist/tex/latex/amsmath/amsopn.sty
Package: amsopn 2016/03/08 v2.02 operator names
)
\inf@bad=\count92
LaTeX Info: Redefining \frac on input line 223.
\uproot@=\count93
\leftroot@=\count94
LaTeX Info: Redefining \overline on input line 385.
\classnum@=\count95
\DOTSCASE@=\count96
LaTeX Info: Redefining \ldots on input line 482.
LaTeX Info: Redefining \dots on input line 485.
LaTeX Info: Redefining \cdots on input line 606.
\Mathstrutbox@=\box28
\strutbox@=\box29
\big@size=\dimen106
LaTeX Font Info:    Redeclaring font encoding OML on input line 729.
LaTeX Font Info:    Redeclaring font encoding OMS on input line 730.
\macc@depth=\count97
\c@MaxMatrixCols=\count98
\dotsspace@=\muskip10
\c@parentequation=\count99
\dspbrk@lvl=\count100
\tag@help=\toks18
\row@=\count101
\column@=\count102
\maxfields@=\count103
\andhelp@=\toks19
\eqnshift@=\dimen107
\alignsep@=\dimen108
\tagshift@=\dimen109
\tagwidth@=\dimen110
\totwidth@=\dimen111
\lineht@=\dimen112
\@envbody=\toks20
\multlinegap=\skip44
\multlinetaggap=\skip45
\mathdisplay@stack=\toks21
LaTeX Info: Redefining \[ on input line 2844.
LaTeX Info: Redefining \] on input line 2845.
)
(/usr/share/texmf-dist/tex/latex/amsfonts/amssymb.sty
Package: amssymb 2013/01/14 v3.01 AMS font symbols

(/usr/share/texmf-dist/tex/latex/amsfonts/amsfonts.sty
Package: amsfonts 2013/01/14 v3.01 Basic AMSFonts support
\symAMSa=\mathgroup4
\symAMSb=\mathgroup5
LaTeX Font Info:    Overwriting math alphabet `\mathfrak' in version `bold'
(Font)                  U/euf/m/n --> U/euf/b/n on input line 106.
))
(/usr/share/texmf-dist/tex/latex/base/latexsym.sty
Package: latexsym 1998/08/17 v2.2e Standard LaTeX package (lasy symbols)
\symlasy=\mathgroup6
LaTeX Font Info:    Overwriting symbol font `lasy' in version `bold'
(Font)                  U/lasy/m/n --> U/lasy/b/n on input line 52.
)
(/usr/share/texmf-dist/tex/latex/mathtools/mathtools.sty
Package: mathtools 2018/01/08 v1.21 mathematical typesetting tools

(/usr/share/texmf-dist/tex/latex/tools/calc.sty
Package: calc 2017/05/25 v4.3 Infix arithmetic (KKT,FJ)
\calc@Acount=\count104
\calc@Bcount=\count105
\calc@Adimen=\dimen113
\calc@Bdimen=\dimen114
\calc@Askip=\skip46
\calc@Bskip=\skip47
LaTeX Info: Redefining \setlength on input line 80.
LaTeX Info: Redefining \addtolength on input line 81.
\calc@Ccount=\count106
\calc@Cskip=\skip48
)
(/usr/share/texmf-dist/tex/latex/mathtools/mhsetup.sty
Package: mhsetup 2017/03/31 v1.3 programming setup (MH)
)
LaTeX Info: Thecontrolsequence`\('isalreadyrobust on input line 129.
LaTeX Info: Thecontrolsequence`\)'isalreadyrobust on input line 129.
LaTeX Info: Thecontrolsequence`\['isalreadyrobust on input line 129.
LaTeX Info: Thecontrolsequence`\]'isalreadyrobust on input line 129.
\g_MT_multlinerow_int=\count107
\l_MT_multwidth_dim=\dimen115
\origjot=\skip49
\l_MT_shortvdotswithinadjustabove_dim=\dimen116
\l_MT_shortvdotswithinadjustbelow_dim=\dimen117
\l_MT_above_intertext_sep=\dimen118
\l_MT_below_intertext_sep=\dimen119
\l_MT_above_shortintertext_sep=\dimen120
\l_MT_below_shortintertext_sep=\dimen121
)
No file acc166b1491a69a477411aeac8573cc9.aux.
\openout1 = `acc166b1491a69a477411aeac8573cc9.aux'.

LaTeX Font Info:    Checking defaults for OML/cmm/m/it on input line 10.
LaTeX Font Info:    ... okay on input line 10.
LaTeX Font Info:    Checking defaults for T1/cmr/m/n on input line 10.
LaTeX Font Info:    ... okay on input line 10.
LaTeX Font Info:    Checking defaults for OT1/cmr/m/n on input line 10.
LaTeX Font Info:    ... okay on input line 10.
LaTeX Font Info:    Checking defaults for OMS/cmsy/m/n on input line 10.
LaTeX Font Info:    ... okay on input line 10.
LaTeX Font Info:    Checking defaults for OMX/cmex/m/n on input line 10.
LaTeX Font Info:    ... okay on input line 10.
LaTeX Font Info:    Checking defaults for U/cmr/m/n on input line 10.
LaTeX Font Info:    ... okay on input line 10.
Preview: Fontsize 10pt
Preview: PDFoutput 1
(/usr/share/texmf-dist/tex/context/base/mkii/supp-pdf.mkii
[Loading MPS to PDF converter (version 2006.09.02).]
\scratchcounter=\count108
\scratchdimen=\dimen122
\scratchbox=\box30
\nofMPsegments=\count109
\nofMParguments=\count110
\everyMPshowfont=\toks22
\MPscratchCnt=\count111
\MPscratchDim=\dimen123
\MPnumerator=\count112
\makeMPintoPDFobject=\count113
\everyMPtoPDFconversion=\toks23
) (/usr/share/texmf-dist/tex/latex/graphics/graphicx.sty
Package: graphicx 2017/06/01 v1.1a Enhanced LaTeX Graphics (DPC,SPQR)

(/usr/share/texmf-dist/tex/latex/graphics/graphics.sty
Package: graphics 2017/06/25 v1.2c Standard LaTeX Graphics (DPC,SPQR)

(/usr/share/texmf-dist/tex/latex/graphics/trig.sty
Package: trig 2016/01/03 v1.10 sin cos tan (DPC)
)
(/usr/share/texmf-dist/tex/latex/graphics-cfg/graphics.cfg
File: graphics.cfg 2016/06/04 v1.11 sample graphics configuration
)
Package graphics Info: Driver file: pdftex.def on input line 99.
)
\Gin@req@height=\dimen124
\Gin@req@width=\dimen125
)
LaTeX Font Info:    Try loading font information for U+msa on input line 13.

(/usr/share/texmf-dist/tex/latex/amsfonts/umsa.fd
File: umsa.fd 2013/01/14 v3.01 AMS symbols A
)
LaTeX Font Info:    Try loading font information for U+msb on input line 13.

(/usr/share/texmf-dist/tex/latex/amsfonts/umsb.fd
File: umsb.fd 2013/01/14 v3.01 AMS symbols B
)
LaTeX Font Info:    Try loading font information for U+lasy on input line 13.

(/usr/share/texmf-dist/tex/latex/base/ulasy.fd
File: ulasy.fd 1998/08/17 v2.2e LaTeX symbol font definitions
))
Runaway argument?
{\exp {d/\}} \end {equation} \par Для определения $\mu \ETC.
! File ended while scanning use of \frac .
<inserted text> 
                \par 
<*> acc166b1491a69a477411aeac8573cc9.tex
                                        
I suspect you have forgotten a `}', causing me
to read past where you wanted me to stop.
I'll try to recover; but if the error is serious,
you'd better type `E' or `X' now and fix your file.

! Emergency stop.
<*> acc166b1491a69a477411aeac8573cc9.tex
                                        
*** (job aborted, no legal \end found)

 
Here is how much of TeX's memory you used:
 3398 strings out of 492623
 46310 string characters out of 6135669
 114890 words of memory out of 5000000
 7274 multiletter control sequences out of 15000+600000
 5657 words of font info for 25 fonts, out of 8000000 for 9000
 1141 hyphenation exceptions out of 8191
 34i,4n,56p,496b,134s stack positions out of 5000i,500n,10000p,200000b,80000s
!  ==> Fatal error occurred, no output PDF file produced!

-----END LOG-----